nohup: ignoring input

> snar-ocr@0.1.0 start
> next start

▲ Next.js 16.1.0
- Local:         http://localhost:3000
- Network:       http://192.168.200.5:3000

✓ Starting...
⚠ `eslint` configuration in next.config.js is no longer supported. See more info here: https://nextjs.org/docs/app/api-reference/cli/next#next-lint-options
⚠ Invalid next.config.js options detected: 
⚠     Unrecognized key(s) in object: 'eslint'
⚠ See more info here: https://nextjs.org/docs/messages/invalid-next-config
[2025-12-29 14:05:32] INFO | Next.js server starting... 
[2025-12-29 14:05:32] INFO | Error logging initialized 
✓ Ready in 94ms
Error: aborted
    at ignore-listed frames {
  code: 'ECONNRESET'
}
Error: aborted
    at ignore-listed frames {
  code: 'ECONNRESET'
}
Error: aborted
    at ignore-listed frames {
  code: 'ECONNRESET'
}
Error: aborted
    at ignore-listed frames {
  code: 'ECONNRESET'
}
